INFO 2025-09-11 19:13:35,003 autoreload 26536 23188 Watching for file changes with StatReloader
INFO 2025-09-11 19:19:17,611 autoreload 14696 9356 Watching for file changes with StatReloader
INFO 2025-09-11 19:20:46,416 autoreload 11752 26380 Watching for file changes with StatReloader
INFO 2025-09-11 19:27:04,068 autoreload 24360 26408 Watching for file changes with StatReloader
INFO 2025-09-11 20:40:55,631 autoreload 1480 19616 Watching for file changes with StatReloader
INFO 2025-09-11 20:41:25,954 basehttp 1480 4236 "GET /api/health/ HTTP/1.1" 301 0
INFO 2025-09-11 20:41:36,354 basehttp 1480 18688 "GET / HTTP/1.1" 301 0
INFO 2025-09-11 20:41:36,643 basehttp 1480 22520 code 400, message Bad request version ('\x02h2\x08http/1.1\x00')
ERROR 2025-09-11 20:41:36,660 basehttp 1480 22520 You're accessing the development server over HTTPS, but it only supports HTTP.
INFO 2025-09-11 20:41:36,703 basehttp 1480 27268 code 400, message Bad request version ('\x00\x02\x01\x00\x00\x1b\x00\x03\x02\x00\x02\x00')
ERROR 2025-09-11 20:41:36,704 basehttp 1480 27268 You're accessing the development server over HTTPS, but it only supports HTTP.
INFO 2025-09-11 20:44:29,698 basehttp 1480 23184 "GET /api/health/ HTTP/1.1" 301 0
INFO 2025-09-11 20:44:32,949 basehttp 1480 2776 code 400, message Bad request version ('\x10\x19\x8dÇ\x9cH\x8dok')
ERROR 2025-09-11 20:44:32,950 basehttp 1480 2776 You're accessing the development server over HTTPS, but it only supports HTTP.
INFO 2025-09-11 20:47:41,103 basehttp 1480 18212 "GET /api/health/ HTTP/1.1" 301 0
INFO 2025-09-11 20:47:43,269 basehttp 1480 16584 code 400, message Bad request version ('\x00\x04\x03\x00\x01\x02\x00')
ERROR 2025-09-11 20:47:43,270 basehttp 1480 16584 You're accessing the development server over HTTPS, but it only supports HTTP.
INFO 2025-09-11 21:25:04,348 autoreload 9616 17748 Watching for file changes with StatReloader
INFO 2025-09-11 21:29:42,904 autoreload 24540 16780 Watching for file changes with StatReloader
INFO 2025-09-11 21:39:19,711 autoreload 22596 19712 Watching for file changes with StatReloader
INFO 2025-09-11 21:41:43,657 autoreload 10700 25504 Watching for file changes with StatReloader
INFO 2025-09-11 23:32:45,277 basehttp 10700 18940 "GET /api HTTP/1.1" 301 0
INFO 2025-09-11 23:32:47,322 basehttp 10700 14172 code 400, message Bad request version ('à¢\x83\x08Qã®n>c\x18¿q')
ERROR 2025-09-11 23:32:47,325 basehttp 10700 14172 You're accessing the development server over HTTPS, but it only supports HTTP.
INFO 2025-09-11 23:32:47,346 basehttp 10700 27056 code 400, message Bad request syntax ('\x16\x03\x01\x01\x03\x01\x00\x00ÿ\x03\x03')
ERROR 2025-09-11 23:32:47,346 basehttp 10700 27056 You're accessing the development server over HTTPS, but it only supports HTTP.
INFO 2025-09-11 23:33:14,707 basehttp 10700 24676 "GET /api/website/banners/?location=top HTTP/1.1" 301 0
INFO 2025-09-11 23:33:14,804 basehttp 10700 15368 "GET /api/website/banners/?location=header HTTP/1.1" 301 0
INFO 2025-09-11 23:33:14,828 basehttp 10700 25760 "GET /api/offers/flash-sales/ HTTP/1.1" 301 0
INFO 2025-09-11 23:33:14,861 basehttp 10700 19976 "GET /api/offers/flash-sales/active/ HTTP/1.1" 301 0
INFO 2025-09-11 23:33:14,882 basehttp 10700 26960 "GET /api/website/config/ HTTP/1.1" 301 0
INFO 2025-09-11 23:45:03,604 basehttp 10700 21980 "GET /api HTTP/1.1" 301 0
INFO 2025-09-11 23:45:06,003 basehttp 10700 2492 code 400, message Bad request version ("\x0e(zë)ÕcÕôªf¯\x93Ö\x80\x93\x809ªº\x04Ù\x86âÅÕ¥±Áw\x00,\x13\x02\x13\x01À,À+À0À/\x00\x9f\x00\x9eÀ$À#À(À'À")
ERROR 2025-09-11 23:45:06,004 basehttp 10700 2492 You're accessing the development server over HTTPS, but it only supports HTTP.
INFO 2025-09-11 23:45:06,084 basehttp 10700 15848 code 400, message Bad request version ("xbÕßáá0®\x810°ÊGÏyqoO\x8aO\x7føeæN\x97\x83\x18À\x00,\x13\x02\x13\x01À,À+À0À/\x00\x9f\x00\x9eÀ$À#À(À'À")
ERROR 2025-09-11 23:45:06,101 basehttp 10700 15848 You're accessing the development server over HTTPS, but it only supports HTTP.
INFO 2025-09-11 23:45:18,837 autoreload 24104 25992 Watching for file changes with StatReloader
INFO 2025-09-12 20:47:45,700 autoreload 26288 12816 Watching for file changes with StatReloader
